Performing C++ SOURCE FILE Test EIGEN_COMPILER_SUPPORT_CPP11 failed with the following output:
Change Dir: C:/Users/shi_y/Documents/GitHub/Udacity/CarND-Path-Planning-Project/src/Eigen-3.3/out/build/x64-Debug/CMakeFiles/CMakeTmp

Run Build Command(s):C:/Program Files (x86)/Microsoft Visual Studio/2019/Community/Common7/IDE/CommonExtensions/Microsoft/CMake/Ninja/ninja.exe cmTC_2538e 
[1/2] Building CXX object CMakeFiles\cmTC_2538e.dir\src.cxx.obj
cl : Command line warning D9002 : ignoring unknown option '-std=c++11'
[2/2] Linking CXX executable cmTC_2538e.exe

Source file was:
int main() { return 0; }
Performing C++ SOURCE FILE Test EIGEN_COMPILER_SUPPORT_CXX11 failed with the following output:
Change Dir: C:/Users/shi_y/Documents/GitHub/Udacity/CarND-Path-Planning-Project/src/Eigen-3.3/out/build/x64-Debug/CMakeFiles/CMakeTmp

Run Build Command(s):C:/Program Files (x86)/Microsoft Visual Studio/2019/Community/Common7/IDE/CommonExtensions/Microsoft/CMake/Ninja/ninja.exe cmTC_5a11a 
[1/2] Building CXX object CMakeFiles\cmTC_5a11a.dir\src.cxx.obj
cl : Command line warning D9002 : ignoring unknown option '-std=c++11'
[2/2] Linking CXX executable cmTC_5a11a.exe

Source file was:
int main() { return 0; }
Performing C++ SOURCE FILE Test COMPILER_SUPPORT_FASTMATH failed with the following output:
Change Dir: C:/Users/shi_y/Documents/GitHub/Udacity/CarND-Path-Planning-Project/src/Eigen-3.3/out/build/x64-Debug/CMakeFiles/CMakeTmp

Run Build Command(s):C:/Program Files (x86)/Microsoft Visual Studio/2019/Community/Common7/IDE/CommonExtensions/Microsoft/CMake/Ninja/ninja.exe cmTC_f7116 
[1/2] Building CXX object CMakeFiles\cmTC_f7116.dir\src.cxx.obj
cl : Command line warning D9002 : ignoring unknown option '-ffast-math'
[2/2] Linking CXX executable cmTC_f7116.exe

Source file was:
int main() { return 0; }
Determining if the include file pthread.h exists failed with the following output:
Change Dir: C:/Users/shi_y/Documents/GitHub/Udacity/CarND-Path-Planning-Project/src/Eigen-3.3/out/build/x64-Debug/CMakeFiles/CMakeTmp

Run Build Command(s):C:/Program Files (x86)/Microsoft Visual Studio/2019/Community/Common7/IDE/CommonExtensions/Microsoft/CMake/Ninja/ninja.exe cmTC_f1e8c 
[1/2] Building C object CMakeFiles\cmTC_f1e8c.dir\CheckIncludeFile.c.obj
FAILED: CMakeFiles/cmTC_f1e8c.dir/CheckIncludeFile.c.obj 
C:\PROGRA~2\MICROS~3\2019\COMMUN~1\VC\Tools\MSVC\1421~1.277\bin\HostX64\x64\cl.exe  /nologo   /DWIN32 /D_WINDOWS /W3  /MDd /ZI /Ob0 /Od /RTC1 /JMC /showIncludes /FoCMakeFiles\cmTC_f1e8c.dir\CheckIncludeFile.c.obj /FdCMakeFiles\cmTC_f1e8c.dir\ /FS -c CheckIncludeFile.c
C:\Users\shi_y\Documents\GitHub\Udacity\CarND-Path-Planning-Project\src\Eigen-3.3\out\build\x64-Debug\CMakeFiles\CMakeTmp\CheckIncludeFile.c(1): fatal error C1083: Cannot open include file: 'pthread.h': No such file or directory
ninja: build stopped: subcommand failed.


